# JRE version: Java(TM) SE Runtime Environment (8.0_40-b26) (build 1.8.0_40-b26)
# Java VM: Java HotSpot(TM) 64-Bit Server VM (25.40-b25 mixed mode windows-amd64 compressed oops)
Heap:
 PSYoungGen      total 266752K, used 126788K [0x00000000e0000000, 0x00000000f4780000, 0x0000000100000000)
  eden space 251904K, 50% used [0x00000000e0000000,0x00000000e7bd1250,0x00000000ef600000)
  from space 14848K, 0% used [0x00000000ef600000,0x00000000ef600000,0x00000000f0480000)
  to   space 25600K, 0% used [0x00000000f2e80000,0x00000000f2e80000,0x00000000f4780000)
 ParOldGen       total 111104K, used 87960K [0x00000000a0000000, 0x00000000a6c80000, 0x00000000e0000000)
  object space 111104K, 79% used [0x00000000a0000000,0x00000000a55e62d0,0x00000000a6c80000)
 Metaspace       used 76003K, capacity 79048K, committed 81200K, reserved 1120256K
  class space    used 9792K, capacity 10460K, committed 11056K, reserved 1048576K
GC Heap History (10 events):
Event: 1537.303 GC heap before
{Heap before GC invocations=39 (full 3):
 PSYoungGen      total 208384K, used 195024K [0x00000000e0000000, 0x00000000ef980000, 0x0000000100000000)
  eden space 190976K, 100% used [0x00000000e0000000,0x00000000eba80000,0x00000000eba80000)
  from space 17408K, 23% used [0x00000000eba80000,0x00000000ebe74090,0x00000000ecb80000)
  to   space 16896K, 0% used [0x00000000ee900000,0x00000000ee900000,0x00000000ef980000)
 ParOldGen       total 102912K, used 79853K [0x00000000a0000000, 0x00000000a6480000, 0x00000000e0000000)
  object space 102912K, 77% used [0x00000000a0000000,0x00000000a4dfb4a0,0x00000000a6480000)
 Metaspace       used 76497K, capacity 80286K, committed 80560K, reserved 1118208K
  class space    used 10045K, capacity 10901K, committed 10928K, reserved 1048576K
Event: 1537.345 GC heap after
Heap after GC invocations=39 (full 3):
 PSYoungGen      total 236544K, used 4912K [0x00000000e0000000, 0x00000000ef800000, 0x0000000100000000)
  eden space 221184K, 0% used [0x00000000e0000000,0x00000000e0000000,0x00000000ed800000)
  from space 15360K, 31% used [0x00000000ee900000,0x00000000eedcc090,0x00000000ef800000)
  to   space 16384K, 0% used [0x00000000ed800000,0x00000000ed800000,0x00000000ee800000)
 ParOldGen       total 102912K, used 81717K [0x00000000a0000000, 0x00000000a6480000, 0x00000000e0000000)
  object space 102912K, 79% used [0x00000000a0000000,0x00000000a4fcd4a0,0x00000000a6480000)
 Metaspace       used 76497K, capacity 80286K, committed 80560K, reserved 1118208K
  class space    used 10045K, capacity 10901K, committed 10928K, reserved 1048576K
}
Event: 1538.790 GC heap before
{Heap before GC invocations=40 (full 3):
 PSYoungGen      total 236544K, used 226096K [0x00000000e0000000, 0x00000000ef800000, 0x0000000100000000)
  eden space 221184K, 100% used [0x00000000e0000000,0x00000000ed800000,0x00000000ed800000)
  from space 15360K, 31% used [0x00000000ee900000,0x00000000eedcc090,0x00000000ef800000)
  to   space 16384K, 0% used [0x00000000ed800000,0x00000000ed800000,0x00000000ee800000)
 ParOldGen       total 102912K, used 81717K [0x00000000a0000000, 0x00000000a6480000, 0x00000000e0000000)
  object space 102912K, 79% used [0x00000000a0000000,0x00000000a4fcd4a0,0x00000000a6480000)
 Metaspace       used 76503K, capacity 80286K, committed 80560K, reserved 1118208K
  class space    used 10045K, capacity 10901K, committed 10928K, reserved 1048576K
Event: 1538.827 GC heap after
Heap after GC invocations=40 (full 3):
 PSYoungGen      total 237568K, used 6416K [0x00000000e0000000, 0x00000000f1700000, 0x0000000100000000)
  eden space 221184K, 0% used [0x00000000e0000000,0x00000000e0000000,0x00000000ed800000)
  from space 16384K, 39% used [0x00000000ed800000,0x00000000ede44080,0x00000000ee800000)
  to   space 15360K, 0% used [0x00000000f0800000,0x00000000f0800000,0x00000000f1700000)
 ParOldGen       total 102912K, used 84945K [0x00000000a0000000, 0x00000000a6480000, 0x00000000e0000000)
  object space 102912K, 82% used [0x00000000a0000000,0x00000000a52f4600,0x00000000a6480000)
 Metaspace       used 76503K, capacity 80286K, committed 80560K, reserved 1118208K
  class space    used 10045K, capacity 10901K, committed 10928K, reserved 1048576K
}
Event: 1541.767 GC heap before
{Heap before GC invocations=41 (full 3):
 PSYoungGen      total 237568K, used 227600K [0x00000000e0000000, 0x00000000f1700000, 0x0000000100000000)
  eden space 221184K, 100% used [0x00000000e0000000,0x00000000ed800000,0x00000000ed800000)
  from space 16384K, 39% used [0x00000000ed800000,0x00000000ede44080,0x00000000ee800000)
  to   space 15360K, 0% used [0x00000000f0800000,0x00000000f0800000,0x00000000f1700000)
 ParOldGen       total 102912K, used 84945K [0x00000000a0000000, 0x00000000a6480000, 0x00000000e0000000)
  object space 102912K, 82% used [0x00000000a0000000,0x00000000a52f4600,0x00000000a6480000)
 Metaspace       used 76520K, capacity 80350K, committed 80560K, reserved 1118208K
  class space    used 10046K, capacity 10901K, committed 10928K, reserved 1048576K
Event: 1541.788 GC heap after
Heap after GC invocations=41 (full 3):
 PSYoungGen      total 263168K, used 4032K [0x00000000e0000000, 0x00000000f1300000, 0x0000000100000000)
  eden space 251904K, 0% used [0x00000000e0000000,0x00000000e0000000,0x00000000ef600000)
  from space 11264K, 35% used [0x00000000f0800000,0x00000000f0bf0080,0x00000000f1300000)
  to   space 14848K, 0% used [0x00000000ef600000,0x00000000ef600000,0x00000000f0480000)
 ParOldGen       total 102912K, used 88913K [0x00000000a0000000, 0x00000000a6480000, 0x00000000e0000000)
  object space 102912K, 86% used [0x00000000a0000000,0x00000000a56d4640,0x00000000a6480000)
 Metaspace       used 76520K, capacity 80350K, committed 80560K, reserved 1118208K
  class space    used 10046K, capacity 10901K, committed 10928K, reserved 1048576K
}
Event: 1546.369 GC heap before
{Heap before GC invocations=42 (full 3):
 PSYoungGen      total 263168K, used 255936K [0x00000000e0000000, 0x00000000f1300000, 0x0000000100000000)
  eden space 251904K, 100% used [0x00000000e0000000,0x00000000ef600000,0x00000000ef600000)
  from space 11264K, 35% used [0x00000000f0800000,0x00000000f0bf0080,0x00000000f1300000)
  to   space 14848K, 0% used [0x00000000ef600000,0x00000000ef600000,0x00000000f0480000)
 ParOldGen       total 102912K, used 88913K [0x00000000a0000000, 0x00000000a6480000, 0x00000000e0000000)
  object space 102912K, 86% used [0x00000000a0000000,0x00000000a56d4640,0x00000000a6480000)
 Metaspace       used 76976K, capacity 80830K, committed 81200K, reserved 1120256K
  class space    used 10096K, capacity 10945K, committed 11056K, reserved 1048576K
Event: 1546.422 GC heap after
Heap after GC invocations=42 (full 3):
 PSYoungGen      total 266752K, used 14820K [0x00000000e0000000, 0x00000000f4780000, 0x0000000100000000)
  eden space 251904K, 0% used [0x00000000e0000000,0x00000000e0000000,0x00000000ef600000)
  from space 14848K, 99% used [0x00000000ef600000,0x00000000f0479298,0x00000000f0480000)
  to   space 25600K, 0% used [0x00000000f2e80000,0x00000000f2e80000,0x00000000f4780000)
 ParOldGen       total 111104K, used 110638K [0x00000000a0000000, 0x00000000a6c80000, 0x00000000e0000000)
  object space 111104K, 99% used [0x00000000a0000000,0x00000000a6c0bb38,0x00000000a6c80000)
 Metaspace       used 76976K, capacity 80830K, committed 81200K, reserved 1120256K
  class space    used 10096K, capacity 10945K, committed 11056K, reserved 1048576K
}
Event: 1546.422 GC heap before
{Heap before GC invocations=43 (full 4):
 PSYoungGen      total 266752K, used 14820K [0x00000000e0000000, 0x00000000f4780000, 0x0000000100000000)
  eden space 251904K, 0% used [0x00000000e0000000,0x00000000e0000000,0x00000000ef600000)
  from space 14848K, 99% used [0x00000000ef600000,0x00000000f0479298,0x00000000f0480000)
  to   space 25600K, 0% used [0x00000000f2e80000,0x00000000f2e80000,0x00000000f4780000)
 ParOldGen       total 111104K, used 110638K [0x00000000a0000000, 0x00000000a6c80000, 0x00000000e0000000)
  object space 111104K, 99% used [0x00000000a0000000,0x00000000a6c0bb38,0x00000000a6c80000)
 Metaspace       used 76976K, capacity 80830K, committed 81200K, reserved 1120256K
  class space    used 10096K, capacity 10945K, committed 11056K, reserved 1048576K
Event: 1551.918 GC heap after
Heap after GC invocations=43 (full 4):
 PSYoungGen      total 266752K, used 0K [0x00000000e0000000, 0x00000000f4780000, 0x0000000100000000)
  eden space 251904K, 0% used [0x00000000e0000000,0x00000000e0000000,0x00000000ef600000)
  from space 14848K, 0% used [0x00000000ef600000,0x00000000ef600000,0x00000000f0480000)
  to   space 25600K, 0% used [0x00000000f2e80000,0x00000000f2e80000,0x00000000f4780000)
 ParOldGen       total 111104K, used 87960K [0x00000000a0000000, 0x00000000a6c80000, 0x00000000e0000000)
  object space 111104K, 79% used [0x00000000a0000000,0x00000000a55e62d0,0x00000000a6c80000)
 Metaspace       used 75407K, capacity 78438K, committed 81200K, reserved 1120256K
  class space    used 9733K, capacity 10387K, committed 11056K, reserved 1048576K
}

